<?xml version="1.0" encoding="UTF-8"?>
<!-- Generated by org.testng.reporters.JUnitXMLReporter -->
<testsuite ignored="0" hostname="SWITCH-PC10" failures="0" tests="0" time="0.012" errors="0" timestamp="2023-05-23T15:33:44 IST">
  <testcase classname="common_Functionalities.Common_Functions" name="@BeforeSuite launchBrowser" time="0.012">
    <failure type="java.lang.NullPointerException" message="Cannot invoke &amp;quot;java.util.Properties.getProperty(String)&amp;quot; because &amp;quot;common_Functionalities.Common_Functions.properties&amp;quot; is null">
      <![CDATA[java.lang.NullPointerException: Cannot invoke "java.util.Properties.getProperty(String)" because "common_Functionalities.Common_Functions.properties" is null
at common_Functionalities.Common_Functions.launchBrowser(Common_Functions.java:30)
... Removed 19 stack frames]]>
    </failure>
  </testcase> <!-- @BeforeSuite launchBrowser -->
</testsuite>
