<?xml version="1.0" encoding="UTF-8"?>
<testng-results ignored="1" total="2" passed="1" failed="0" skipped="0">
  <reporter-output>
  </reporter-output>
  <suite started-at="2023-06-02T11:54:51 IST" name="Default suite" finished-at="2023-06-02T11:54:55 IST" duration-ms="3847">
    <groups>
    </groups>
    <test started-at="2023-06-02T11:54:51 IST" name="Default test" finished-at="2023-06-02T11:54:55 IST" duration-ms="3847">
      <class name="testcases_Personalizationprocess_Authorized_Cards.Authorized_Cards_By_Filter_All">
        <test-method is-config="true" signature="browserlaunch()[pri:0, instance:testcases_Personalizationprocess_Authorized_Cards.Authorized_Cards_By_Filter_All@4659191b]" started-at="2023-06-02T11:54:45 IST" name="browserlaunch" finished-at="2023-06-02T11:54:51 IST" duration-ms="6563" status="PASS">
          <reporter-output>
          </reporter-output>
        </test-method> <!-- browserlaunch -->
        <test-method is-config="true" signature="startTest()[pri:0, instance:testcases_Personalizationprocess_Authorized_Cards.Authorized_Cards_By_Filter_All@4659191b]" started-at="2023-06-02T11:54:51 IST" name="startTest" finished-at="2023-06-02T11:54:52 IST" duration-ms="315" status="PASS">
          <reporter-output>
          </reporter-output>
        </test-method> <!-- startTest -->
        <test-method signature="authorizecardsAll()[pri:1, instance:testcases_Personalizationprocess_Authorized_Cards.Authorized_Cards_By_Filter_All@4659191b]" started-at="2023-06-02T11:54:52 IST" name="authorizecardsAll" finished-at="2023-06-02T11:54:54 IST" duration-ms="2616" status="PASS">
          <reporter-output>
          </reporter-output>
        </test-method> <!-- authorizecardsAll -->
        <test-method is-config="true" signature="endTest()[pri:0, instance:testcases_Personalizationprocess_Authorized_Cards.Authorized_Cards_By_Filter_All@4659191b]" started-at="2023-06-02T11:54:54 IST" name="endTest" finished-at="2023-06-02T11:54:55 IST" duration-ms="835" status="FAIL">
          <exception class="java.io.IOException">
            <message>
              <![CDATA[Failed to open file:/C:/Users/gokul/CGS_AUtomation_Projects/SIB_Project/report.html. Error message: The system cannot find the file specified.
]]>
            </message>
            <full-stacktrace>
              <![CDATA[java.io.IOException: Failed to open file:/C:/Users/gokul/CGS_AUtomation_Projects/SIB_Project/report.html. Error message: The system cannot find the file specified.

at java.desktop/sun.awt.windows.WDesktopPeer.ShellExecute(WDesktopPeer.java:115)
at java.desktop/sun.awt.windows.WDesktopPeer.browse(WDesktopPeer.java:101)
at java.desktop/java.awt.Desktop.browse(Desktop.java:533)
at testcases_Personalizationprocess_Authorized_Cards.Authorized_Cards_By_Filter_All.endTest(Authorized_Cards_By_Filter_All.java:55)
at java.base/jdk.internal.reflect.NativeMethodAccessorImpl.invoke0(Native Method)
at java.base/jdk.internal.reflect.NativeMethodAccessorImpl.invoke(NativeMethodAccessorImpl.java:77)
at java.base/jdk.internal.reflect.DelegatingMethodAccessorImpl.invoke(DelegatingMethodAccessorImpl.java:43)
at java.base/java.lang.reflect.Method.invoke(Method.java:568)
at org.testng.internal.MethodInvocationHelper.invokeMethod(MethodInvocationHelper.java:133)
at org.testng.internal.MethodInvocationHelper.invokeMethodConsideringTimeout(MethodInvocationHelper.java:62)
at org.testng.internal.ConfigInvoker.invokeConfigurationMethod(ConfigInvoker.java:385)
at org.testng.internal.ConfigInvoker.invokeConfigurations(ConfigInvoker.java:321)
at org.testng.TestRunner.invokeTestConfigurations(TestRunner.java:637)
at org.testng.TestRunner.afterRun(TestRunner.java:877)
at org.testng.TestRunner.run(TestRunner.java:599)
at org.testng.SuiteRunner.runTest(SuiteRunner.java:377)
at org.testng.SuiteRunner.runSequentially(SuiteRunner.java:371)
at org.testng.SuiteRunner.privateRun(SuiteRunner.java:332)
at org.testng.SuiteRunner.run(SuiteRunner.java:276)
at org.testng.SuiteRunnerWorker.runSuite(SuiteRunnerWorker.java:53)
at org.testng.SuiteRunnerWorker.run(SuiteRunnerWorker.java:96)
at org.testng.TestNG.runSuitesSequentially(TestNG.java:1212)
at org.testng.TestNG.runSuitesLocally(TestNG.java:1134)
at org.testng.TestNG.runSuites(TestNG.java:1063)
at org.testng.TestNG.run(TestNG.java:1031)
at org.testng.remote.AbstractRemoteTestNG.run(AbstractRemoteTestNG.java:115)
at org.testng.remote.RemoteTestNG.initAndRun(RemoteTestNG.java:251)
at org.testng.remote.RemoteTestNG.main(RemoteTestNG.java:77)
]]>
            </full-stacktrace>
          </exception> <!-- java.io.IOException -->
          <reporter-output>
          </reporter-output>
        </test-method> <!-- endTest -->
        <test-method is-config="true" signature="closebrowser()[pri:0, instance:testcases_Personalizationprocess_Authorized_Cards.Authorized_Cards_By_Filter_All@4659191b]" started-at="2023-06-02T11:54:55 IST" name="closebrowser" finished-at="1970-01-01T05:30:00 IST" duration-ms="-1685687095836" status="SKIP">
          <reporter-output>
          </reporter-output>
        </test-method> <!-- closebrowser -->
      </class> <!-- testcases_Personalizationprocess_Authorized_Cards.Authorized_Cards_By_Filter_All -->
    </test> <!-- Default test -->
  </suite> <!-- Default suite -->
</testng-results>
